0 info it worked if it ends with ok
1 verbose cli [ 'node', '/usr/local/bin/npm', 'install', '-g', 'karma' ]
2 info using npm@2.7.4
3 info using node@v0.12.2
4 silly cache add args [ 'karma', null ]
5 verbose cache add spec karma
6 silly cache add parsed spec { raw: 'karma',
6 silly cache add   scope: null,
6 silly cache add   name: 'karma',
6 silly cache add   rawSpec: '',
6 silly cache add   spec: '*',
6 silly cache add   type: 'range' }
7 verbose addNamed karma@*
8 silly addNamed semver.valid null
9 silly addNamed semver.validRange *
10 silly addNameRange { name: 'karma', range: '*', hasData: false }
11 silly mapToRegistry name karma
12 silly mapToRegistry using default registry
13 silly mapToRegistry registry https://registry.npmjs.org/
14 silly mapToRegistry uri https://registry.npmjs.org/karma
15 verbose addNameRange registry:https://registry.npmjs.org/karma not in flight; fetching
16 verbose request uri https://registry.npmjs.org/karma
17 verbose request no auth needed
18 info attempt registry request try #1 at 15:53:05
19 verbose request id 9eae4dced560805b
20 verbose etag "DOQX0YC2N20YCL7XZYTV3IVH3"
21 http request GET https://registry.npmjs.org/karma
22 http 304 https://registry.npmjs.org/karma
23 silly get cb [ 304,
23 silly get   { date: 'Wed, 11 Nov 2015 07:53:05 GMT',
23 silly get     via: '1.1 varnish',
23 silly get     'cache-control': 'max-age=60',
23 silly get     etag: '"DOQX0YC2N20YCL7XZYTV3IVH3"',
23 silly get     age: '0',
23 silly get     connection: 'keep-alive',
23 silly get     'x-served-by': 'cache-hkg6823-HKG',
23 silly get     'x-cache': 'HIT',
23 silly get     'x-cache-hits': '1',
23 silly get     'x-timer': 'S1447228385.634674,VS0,VE898',
23 silly get     vary: 'Accept' } ]
24 verbose etag https://registry.npmjs.org/karma from cache
25 verbose get saving karma to /Users/xiemeili/.npm/registry.npmjs.org/karma/.cache.json
26 silly addNameRange number 2 { name: 'karma', range: '*', hasData: true }
27 silly addNameRange versions [ 'karma',
27 silly addNameRange   [ '0.8.0',
27 silly addNameRange     '0.9.0-dart',
27 silly addNameRange     '0.8.1',
27 silly addNameRange     '0.8.2',
27 silly addNameRange     '0.8.3',
27 silly addNameRange     '0.9.0',
27 silly addNameRange     '0.8.4',
27 silly addNameRange     '0.9.1',
27 silly addNameRange     '0.8.5',
27 silly addNameRange     '0.9.2',
27 silly addNameRange     '0.9.2-dart',
27 silly addNameRange     '0.9.3',
27 silly addNameRange     '0.8.6',
27 silly addNameRange     '0.9.4',
27 silly addNameRange     '0.8.7',
27 silly addNameRange     '0.9.5',
27 silly addNameRange     '0.9.6',
27 silly addNameRange     '0.8.8',
27 silly addNameRange     '0.9.7',
27 silly addNameRange     '0.9.8',
27 silly addNameRange     '0.10.0',
27 silly addNameRange     '0.10.1',
27 silly addNameRange     '0.10.2',
27 silly addNameRange     '0.11.0',
27 silly addNameRange     '0.11.1',
27 silly addNameRange     '0.10.3',
27 silly addNameRange     '0.10.4',
27 silly addNameRange     '0.11.2',
27 silly addNameRange     '0.11.3',
27 silly addNameRange     '0.10.5',
27 silly addNameRange     '0.11.4',
27 silly addNameRange     '0.11.5',
27 silly addNameRange     '0.10.6',
27 silly addNameRange     '0.11.6',
27 silly addNameRange     '0.10.7',
27 silly addNameRange     '0.11.7',
27 silly addNameRange     '0.11.8',
27 silly addNameRange     '0.11.9',
27 silly addNameRange     '0.10.8',
27 silly addNameRange     '0.11.10',
27 silly addNameRange     '0.11.11',
27 silly addNameRange     '0.11.12',
27 silly addNameRange     '0.11.11-dev',
27 silly addNameRange     '0.10.9',
27 silly addNameRange     '0.11.12-dev',
27 silly addNameRange     '0.11.12-dev2',
27 silly addNameRange     '0.11.13',
27 silly addNameRange     '0.11.14',
27 silly addNameRange     '0.12.0',
27 silly addNameRange     '0.10.10',
27 silly addNameRange     '0.12.1',
27 silly addNameRange     '0.12.2',
27 silly addNameRange     '0.12.3',
27 silly addNameRange     '0.12.4',
27 silly addNameRange     '0.12.5',
27 silly addNameRange     '0.12.6',
27 silly addNameRange     '0.12.6-beta-43e6e28',
27 silly addNameRange     '0.12.7',
27 silly addNameRange     '0.12.8',
27 silly addNameRange     '0.12.9',
27 silly addNameRange     '0.12.10',
27 silly addNameRange     '0.12.11',
27 silly addNameRange     '0.12.12',
27 silly addNameRange     '0.12.11-beta-3029418',
27 silly addNameRange     '0.12.13',
27 silly addNameRange     '0.12.14',
27 silly addNameRange     '0.12.15',
27 silly addNameRange     '0.12.16',
27 silly addNameRange     '0.12.16-beta-905422d',
27 silly addNameRange     '0.12.17',
27 silly addNameRange     '0.12.18',
27 silly addNameRange     '0.12.19',
27 silly addNameRange     '0.12.20',
27 silly addNameRange     '0.12.21',
27 silly addNameRange     '0.12.22',
27 silly addNameRange     '0.12.23',
27 silly addNameRange     '0.12.24',
27 silly addNameRange     '0.12.24-beta-6cf7955',
27 silly addNameRange     '0.12.25',
27 silly addNameRange     '0.12.25-beta-37a7958',
27 silly addNameRange     '0.12.25-beta-ad5bc24',
27 silly addNameRange     '0.12.26',
27 silly addNameRange     '0.12.27',
27 silly addNameRange     '0.12.28',
27 silly addNameRange     '0.12.28-beta-b9be580',
27 silly addNameRange     '0.12.29',
27 silly addNameRange     '0.12.30',
27 silly addNameRange     '0.12.31',
27 silly addNameRange     '0.12.28-beta-f65c864',
27 silly addNameRange     '0.12.24-dev-test',
27 silly addNameRange     '0.12.24-dev-socketio10',
27 silly addNameRange     '0.12.24-dev-socketio10-2',
27 silly addNameRange     '0.12.32-beta.0',
27 silly addNameRange     '0.12.32',
27 silly addNameRange     '0.13.0-rc.0',
27 silly addNameRange     '0.12.33',
27 silly addNameRange     '0.13.0-rc.1',
27 silly addNameRange     '0.12.34',
27 silly addNameRange     '0.13.0-rc.2',
27 silly addNameRange     '0.12.35',
27 silly addNameRange     '0.13.0-rc.3',
27 silly addNameRange     '0.12.36',
27 silly addNameRange     '0.13.0-rc.4',
27 silly addNameRange     '0.12.37',
27 silly addNameRange     '0.13.0-rc.5',
27 silly addNameRange     '0.13.0-rc.6',
27 silly addNameRange     '0.13.0-rc.7',
27 silly addNameRange     '0.13.0-rc.8',
27 silly addNameRange     '0.13.0-rc.9',
27 silly addNameRange     '0.13.0',
27 silly addNameRange     '0.13.1',
27 silly addNameRange     '0.13.2',
27 silly addNameRange     '0.13.3',
27 silly addNameRange     '0.13.4',
27 silly addNameRange     '0.13.5',
27 silly addNameRange     '0.13.6',
27 silly addNameRange     '0.13.7',
27 silly addNameRange     '0.13.8',
27 silly addNameRange     '0.13.9',
27 silly addNameRange     '0.13.10',
27 silly addNameRange     '0.13.11',
27 silly addNameRange     '0.13.12',
27 silly addNameRange     '0.13.13',
27 silly addNameRange     '0.13.14',
27 silly addNameRange     '0.13.15' ] ]
28 verbose addNamed karma@0.13.15
29 silly addNamed semver.valid 0.13.15
30 silly addNamed semver.validRange 0.13.15
31 silly cache afterAdd karma@0.13.15
32 verbose afterAdd /Users/xiemeili/.npm/karma/0.13.15/package/package.json not in flight; writing
33 verbose afterAdd /Users/xiemeili/.npm/karma/0.13.15/package/package.json written
34 silly install resolved [ { name: 'karma',
34 silly install resolved     description: 'Spectacular Test Runner for JavaScript.',
34 silly install resolved     homepage: 'http://karma-runner.github.io/',
34 silly install resolved     repository: { type: 'git', url: 'git://github.com/karma-runner/karma.git' },
34 silly install resolved     bugs: { url: 'https://github.com/karma-runner/karma/issues' },
34 silly install resolved     keywords:
34 silly install resolved      [ 'karma',
34 silly install resolved        'spectacular',
34 silly install resolved        'runner',
34 silly install resolved        'karma',
34 silly install resolved        'js',
34 silly install resolved        'javascript',
34 silly install resolved        'testing',
34 silly install resolved        'test',
34 silly install resolved        'remote',
34 silly install resolved        'execution' ],
34 silly install resolved     author: { name: 'Vojta Jína', email: 'vojta.jina@gmail.com' },
34 silly install resolved     contributors:
34 silly install resolved      [ [Object],
34 silly install resolved        [Object],
34 silly install resolved        [Object],
34 silly install resolved        [Object],
34 silly install resolved        [Object],
34 silly install resolved        [Object],
34 silly install resolved        [Object],
34 silly install resolved        [Object],
34 silly install resolved        [Object],
34 silly install resolved        [Object],
34 silly install resolved        [Object],
34 silly install resolved        [Object],
34 silly install resolved        [Object],
34 silly install resolved        [Object],
34 silly install resolved        [Object],
34 silly install resolved        [Object],
34 silly install resolved        [Object],
34 silly install resolved        [Object],
34 silly install resolved        [Object],
34 silly install resolved        [Object],
34 silly install resolved        [Object],
34 silly install resolved        [Object],
34 silly install resolved        [Object],
34 silly install resolved        [Object],
34 silly install resolved        [Object],
34 silly install resolved        [Object],
34 silly install resolved        [Object],
34 silly install resolved        [Object],
34 silly install resolved        [Object],
34 silly install resolved        [Object],
34 silly install resolved        [Object],
34 silly install resolved        [Object],
34 silly install resolved        [Object],
34 silly install resolved        [Object],
34 silly install resolved        [Object],
34 silly install resolved        [Object],
34 silly install resolved        [Object],
34 silly install resolved        [Object],
34 silly install resolved        [Object],
34 silly install resolved        [Object],
34 silly install resolved        [Object],
34 silly install resolved        [Object],
34 silly install resolved        [Object],
34 silly install resolved        [Object],
34 silly install resolved        [Object],
34 silly install resolved        [Object],
34 silly install resolved        [Object],
34 silly install resolved        [Object],
34 silly install resolved        [Object],
34 silly install resolved        [Object],
34 silly install resolved        [Object],
34 silly install resolved        [Object],
34 silly install resolved        [Object],
34 silly install resolved        [Object],
34 silly install resolved        [Object],
34 silly install resolved        [Object],
34 silly install resolved        [Object],
34 silly install resolved        [Object],
34 silly install resolved        [Object],
34 silly install resolved        [Object],
34 silly install resolved        [Object],
34 silly install resolved        [Object],
34 silly install resolved        [Object],
34 silly install resolved        [Object],
34 silly install resolved        [Object],
34 silly install resolved        [Object],
34 silly install resolved        [Object],
34 silly install resolved        [Object],
34 silly install resolved        [Object],
34 silly install resolved        [Object],
34 silly install resolved        [Object],
34 silly install resolved        [Object],
34 silly install resolved        [Object],
34 silly install resolved        [Object],
34 silly install resolved        [Object],
34 silly install resolved        [Object],
34 silly install resolved        [Object],
34 silly install resolved        [Object],
34 silly install resolved        [Object],
34 silly install resolved        [Object],
34 silly install resolved        [Object],
34 silly install resolved        [Object],
34 silly install resolved        [Object],
34 silly install resolved        [Object],
34 silly install resolved        [Object],
34 silly install resolved        [Object],
34 silly install resolved        [Object],
34 silly install resolved        [Object],
34 silly install resolved        [Object],
34 silly install resolved        [Object],
34 silly install resolved        [Object],
34 silly install resolved        [Object],
34 silly install resolved        [Object],
34 silly install resolved        [Object],
34 silly install resolved        [Object],
34 silly install resolved        [Object],
34 silly install resolved        [Object],
34 silly install resolved        [Object],
34 silly install resolved        [Object],
34 silly install resolved        [Object],
34 silly install resolved        [Object],
34 silly install resolved        [Object],
34 silly install resolved        [Object],
34 silly install resolved        [Object],
34 silly install resolved        [Object],
34 silly install resolved        [Object],
34 silly install resolved        [Object],
34 silly install resolved        [Object],
34 silly install resolved        [Object],
34 silly install resolved        [Object],
34 silly install resolved        [Object],
34 silly install resolved        [Object],
34 silly install resolved        [Object],
34 silly install resolved        [Object],
34 silly install resolved        [Object],
34 silly install resolved        [Object],
34 silly install resolved        [Object],
34 silly install resolved        [Object],
34 silly install resolved        [Object],
34 silly install resolved        [Object],
34 silly install resolved        [Object],
34 silly install resolved        [Object],
34 silly install resolved        [Object],
34 silly install resolved        [Object],
34 silly install resolved        [Object],
34 silly install resolved        [Object],
34 silly install resolved        [Object],
34 silly install resolved        [Object],
34 silly install resolved        [Object],
34 silly install resolved        [Object],
34 silly install resolved        [Object],
34 silly install resolved        [Object],
34 silly install resolved        [Object],
34 silly install resolved        [Object],
34 silly install resolved        [Object],
34 silly install resolved        [Object],
34 silly install resolved        [Object],
34 silly install resolved        [Object],
34 silly install resolved        [Object],
34 silly install resolved        [Object],
34 silly install resolved        [Object],
34 silly install resolved        [Object],
34 silly install resolved        [Object],
34 silly install resolved        [Object],
34 silly install resolved        [Object],
34 silly install resolved        [Object],
34 silly install resolved        [Object],
34 silly install resolved        [Object],
34 silly install resolved        [Object],
34 silly install resolved        [Object],
34 silly install resolved        [Object],
34 silly install resolved        [Object],
34 silly install resolved        [Object],
34 silly install resolved        [Object],
34 silly install resolved        [Object],
34 silly install resolved        [Object],
34 silly install resolved        [Object],
34 silly install resolved        [Object],
34 silly install resolved        [Object],
34 silly install resolved        [Object],
34 silly install resolved        [Object],
34 silly install resolved        [Object],
34 silly install resolved        [Object],
34 silly install resolved        [Object],
34 silly install resolved        [Object],
34 silly install resolved        [Object],
34 silly install resolved        [Object],
34 silly install resolved        [Object],
34 silly install resolved        [Object],
34 silly install resolved        [Object],
34 silly install resolved        [Object],
34 silly install resolved        [Object],
34 silly install resolved        [Object],
34 silly install resolved        [Object],
34 silly install resolved        [Object],
34 silly install resolved        [Object],
34 silly install resolved        [Object],
34 silly install resolved        [Object],
34 silly install resolved        [Object],
34 silly install resolved        [Object],
34 silly install resolved        [Object],
34 silly install resolved        [Object],
34 silly install resolved        [Object],
34 silly install resolved        [Object],
34 silly install resolved        [Object],
34 silly install resolved        [Object],
34 silly install resolved        [Object],
34 silly install resolved        [Object],
34 silly install resolved        [Object],
34 silly install resolved        [Object],
34 silly install resolved        [Object],
34 silly install resolved        [Object],
34 silly install resolved        [Object],
34 silly install resolved        [Object],
34 silly install resolved        [Object],
34 silly install resolved        [Object],
34 silly install resolved        [Object],
34 silly install resolved        [Object],
34 silly install resolved        [Object],
34 silly install resolved        [Object],
34 silly install resolved        [Object],
34 silly install resolved        [Object],
34 silly install resolved        [Object],
34 silly install resolved        [Object],
34 silly install resolved        [Object],
34 silly install resolved        [Object],
34 silly install resolved        [Object],
34 silly install resolved        [Object],
34 silly install resolved        [Object],
34 silly install resolved        [Object],
34 silly install resolved        [Object],
34 silly install resolved        [Object],
34 silly install resolved        [Object] ],
34 silly install resolved     dependencies:
34 silly install resolved      { batch: '^0.5.3',
34 silly install resolved        bluebird: '^2.9.27',
34 silly install resolved        'body-parser': '^1.12.4',
34 silly install resolved        chokidar: '^1.0.1',
34 silly install resolved        colors: '^1.1.0',
34 silly install resolved        connect: '^3.3.5',
34 silly install resolved        'core-js': '^1.2.2',
34 silly install resolved        di: '^0.0.1',
34 silly install resolved        'dom-serialize': '^2.2.0',
34 silly install resolved        'expand-braces': '^0.1.1',
34 silly install resolved        glob: '^5.0.10',
34 silly install resolved        'graceful-fs': '^4.1.2',
34 silly install resolved        'http-proxy': '^1.11.1',
34 silly install resolved        lodash: '^3.8.0',
34 silly install resolved        log4js: '^0.6.25',
34 silly install resolved        mime: '^1.3.4',
34 silly install resolved        minimatch: '^3.0.0',
34 silly install resolved        optimist: '^0.6.1',
34 silly install resolved        rimraf: '^2.3.3',
34 silly install resolved        'socket.io': '^1.3.7',
34 silly install resolved        'source-map': '^0.5.1',
34 silly install resolved        useragent: '^2.1.6' },
34 silly install resolved     devDependencies:
34 silly install resolved      { LiveScript: '^1.3.0',
34 silly install resolved        babel: '^5.6.23',
34 silly install resolved        'babel-eslint': '^4.0.5',
34 silly install resolved        chai: '^3.3.0',
34 silly install resolved        'chai-as-promised': '^5.0.0',
34 silly install resolved        'chai-subset': '^1.0.1',
34 silly install resolved        'coffee-script': '^1.9.2',
34 silly install resolved        cucumber: '^0.7.0',
34 silly install resolved        eslint: '^1.0.0',
34 silly install resolved        'eslint-config-standard': '^4.0.0',
34 silly install resolved        'eslint-plugin-react': '^3.6.2',
34 silly install resolved        'eslint-plugin-standard': '^1.3.1',
34 silly install resolved        grunt: '^0.4',
34 silly install resolved        'grunt-auto-release': '^0.0.6',
34 silly install resolved        'grunt-browserify': '^4.0.1',
34 silly install resolved        'grunt-bump': '^0.6.0',
34 silly install resolved        'grunt-contrib-watch': '^0.6.1',
34 silly install resolved        'grunt-conventional-changelog': '^5.0.0',
34 silly install resolved        'grunt-conventional-github-releaser': '^0.5.0',
34 silly install resolved        'grunt-cucumberjs': '^0.8.0',
34 silly install resolved        'grunt-eslint': '^17.0.0',
34 silly install resolved        'grunt-mocha-test': '^0.12.7',
34 silly install resolved        'grunt-npm': '0.0.2',
34 silly install resolved        'jasmine-core': '^2.3.4',
34 silly install resolved        'karma-browserify': '^4.1.2',
34 silly install resolved        'karma-browserstack-launcher': '*',
34 silly install resolved        'karma-chrome-launcher': '*',
34 silly install resolved        'karma-coffee-preprocessor': '*',
34 silly install resolved        'karma-commonjs': '*',
34 silly install resolved        'karma-coverage': '*',
34 silly install resolved        'karma-firefox-launcher': '*',
34 silly install resolved        'karma-growl-reporter': '*',
34 silly install resolved        'karma-html2js-preprocessor': '*',
34 silly install resolved        'karma-jasmine': '~0.3.5',
34 silly install resolved        'karma-junit-reporter': '*',
34 silly install resolved        'karma-live-preprocessor': '*',
34 silly install resolved        'karma-mocha': '*',
34 silly install resolved        'karma-ng-scenario': '*',
34 silly install resolved        'karma-phantomjs-launcher': '*',
34 silly install resolved        'karma-qunit': '*',
34 silly install resolved        'karma-requirejs': '*',
34 silly install resolved        'karma-sauce-launcher': '*',
34 silly install resolved        'karma-script-launcher': '^0.1.0',
34 silly install resolved        'load-grunt-tasks': '^3.1.0',
34 silly install resolved        mkdirp: '^0.5.0',
34 silly install resolved        mocha: '^2.2.5',
34 silly install resolved        mocks: '^0.0.15',
34 silly install resolved        phantomjs: '^1.9.18',
34 silly install resolved        proxyquire: '^1.5.0',
34 silly install resolved        qunitjs: '^1.19.0',
34 silly install resolved        requirejs: '^2.1.20',
34 silly install resolved        sinon: '^1.17.2',
34 silly install resolved        'sinon-chai': '^2.7.0',
34 silly install resolved        supertest: '^1.0.1',
34 silly install resolved        'supertest-as-promised': '^2.0.1',
34 silly install resolved        'timer-shim': '^0.3.0',
34 silly install resolved        which: '^1.1.1' },
34 silly install resolved     main: './lib/index',
34 silly install resolved     bin: { karma: './bin/karma' },
34 silly install resolved     engines: { node: '0.10 || 0.12 || 4 || 5' },
34 silly install resolved     version: '0.13.15',
34 silly install resolved     license: 'MIT',
34 silly install resolved     gitHead: '1adfd8ddedcfa6c87dc12588d96383c600bf78ab',
34 silly install resolved     _id: 'karma@0.13.15',
34 silly install resolved     scripts: {},
34 silly install resolved     _shasum: '71c3925651728a05ab4980a6e894ce3aa5e8c5c0',
34 silly install resolved     _from: 'karma@*',
34 silly install resolved     _npmVersion: '3.3.9',
34 silly install resolved     _nodeVersion: '4.1.2',
34 silly install resolved     _npmUser: { name: 'dignifiedquire', email: 'dignifiedquire@gmail.com' },
34 silly install resolved     dist:
34 silly install resolved      { shasum: '71c3925651728a05ab4980a6e894ce3aa5e8c5c0',
34 silly install resolved        tarball: 'http://registry.npmjs.org/karma/-/karma-0.13.15.tgz' },
34 silly install resolved     maintainers: [ [Object], [Object], [Object], [Object] ],
34 silly install resolved     directories: {},
34 silly install resolved     _resolved: 'https://registry.npmjs.org/karma/-/karma-0.13.15.tgz',
34 silly install resolved     readme: 'ERROR: No README data found!' } ]
35 info install karma@0.13.15 into /usr/local/lib
36 info installOne karma@0.13.15
37 verbose installOne of karma to /usr/local/lib not in flight; installing
38 verbose lock using /Users/xiemeili/.npm/_locks/karma-dbe64a2972f57692.lock for /usr/local/lib/node_modules/karma
39 silly install write writing karma 0.13.15 to /usr/local/lib/node_modules/karma
40 silly cache addNamed cb karma@0.13.15
41 verbose unbuild lib/node_modules/karma
42 info preuninstall karma@0.12.31
43 info uninstall karma@0.12.31
44 verbose unbuild rmStuff karma@0.12.31 from /usr/local/lib/node_modules
45 info postuninstall karma@0.12.31
46 silly gentlyRm /usr/local/lib/node_modules/karma is being purged from base /usr/local
47 verbose gentlyRm don't care about contents; nuking /usr/local/lib/node_modules/karma
48 silly vacuum-fs purging /usr/local/lib/node_modules/karma
49 verbose unlock done using /Users/xiemeili/.npm/_locks/karma-dbe64a2972f57692.lock for /usr/local/lib/node_modules/karma
50 verbose stack Error: EACCES, rmdir '/usr/local/lib/node_modules/karma'
50 verbose stack     at Error (native)
51 verbose cwd /Users/xiemeili/HBuilderProjects/gitspace/upskills
52 error Darwin 14.3.0
53 error argv "node" "/usr/local/bin/npm" "install" "-g" "karma"
54 error node v0.12.2
55 error npm  v2.7.4
56 error path /usr/local/lib/node_modules/karma
57 error code EACCES
58 error errno -13
59 error Error: EACCES, rmdir '/usr/local/lib/node_modules/karma'
59 error     at Error (native)
59 error  { [Error: EACCES, rmdir '/usr/local/lib/node_modules/karma']
59 error   errno: -13,
59 error   code: 'EACCES',
59 error   path: '/usr/local/lib/node_modules/karma' }
60 error Please try running this command again as root/Administrator.
61 verbose exit [ -13, true ]
62 verbose unbuild lib/node_modules/karma
63 info preuninstall karma@0.12.31
64 info uninstall karma@0.12.31
65 verbose unbuild rmStuff karma@0.12.31 from /usr/local/lib/node_modules
66 info postuninstall karma@0.12.31
67 silly gentlyRm /usr/local/lib/node_modules/karma is being purged from base /usr/local
68 verbose gentlyRm don't care about contents; nuking /usr/local/lib/node_modules/karma
69 silly vacuum-fs purging /usr/local/lib/node_modules/karma
70 error error rolling back Error: EACCES, rmdir '/usr/local/lib/node_modules/karma'
70 error error rolling back     at Error (native)
70 error error rolling back  { [Error: EACCES, rmdir '/usr/local/lib/node_modules/karma']
70 error error rolling back   errno: -13,
70 error error rolling back   code: 'EACCES',
70 error error rolling back   path: '/usr/local/lib/node_modules/karma' }
