0 info it worked if it ends with ok
1 verbose cli [ '/usr/local/Cellar/node/5.10.0/bin/node',
1 verbose cli   '/usr/local/bin/npm',
1 verbose cli   'info',
1 verbose cli   'iron-input' ]
2 info using npm@3.8.3
3 info using node@v5.10.0
4 silly mapToRegistry name iron-input
5 silly mapToRegistry using default registry
6 silly mapToRegistry registry https://registry.npmjs.org/
7 silly mapToRegistry data Result {
7 silly mapToRegistry   raw: 'iron-input',
7 silly mapToRegistry   scope: null,
7 silly mapToRegistry   name: 'iron-input',
7 silly mapToRegistry   rawSpec: '',
7 silly mapToRegistry   spec: 'latest',
7 silly mapToRegistry   type: 'tag' }
8 silly mapToRegistry uri https://registry.npmjs.org/iron-input
9 verbose request uri https://registry.npmjs.org/iron-input
10 verbose request no auth needed
11 info attempt registry request try #1 at 00:51:38
12 verbose request using bearer token for auth
13 verbose request id 3934c814e94fbbe4
14 http request GET https://registry.npmjs.org/iron-input
15 http 200 https://registry.npmjs.org/iron-input
16 verbose headers { server: 'nginx/1.10.3',
16 verbose headers   'content-type': 'application/json',
16 verbose headers   'last-modified': 'Sat, 30 Jan 2016 03:30:45 GMT',
16 verbose headers   etag: 'W/"56ac2e65-18e"',
16 verbose headers   'content-encoding': 'gzip',
16 verbose headers   'cache-control': 'max-age=300',
16 verbose headers   'transfer-encoding': 'chunked',
16 verbose headers   'accept-ranges': 'bytes',
16 verbose headers   date: 'Thu, 22 Jun 2017 16:51:40 GMT',
16 verbose headers   via: '1.1 varnish',
16 verbose headers   connection: 'keep-alive',
16 verbose headers   'x-served-by': 'cache-nrt6120-NRT',
16 verbose headers   'x-cache': 'MISS',
16 verbose headers   'x-cache-hits': '0',
16 verbose headers   'x-timer': 'S1498150300.312662,VS0,VE647',
16 verbose headers   vary: 'Accept-Encoding' }
17 silly get cb [ 200,
17 silly get   { server: 'nginx/1.10.3',
17 silly get     'content-type': 'application/json',
17 silly get     'last-modified': 'Sat, 30 Jan 2016 03:30:45 GMT',
17 silly get     etag: 'W/"56ac2e65-18e"',
17 silly get     'content-encoding': 'gzip',
17 silly get     'cache-control': 'max-age=300',
17 silly get     'transfer-encoding': 'chunked',
17 silly get     'accept-ranges': 'bytes',
17 silly get     date: 'Thu, 22 Jun 2017 16:51:40 GMT',
17 silly get     via: '1.1 varnish',
17 silly get     connection: 'keep-alive',
17 silly get     'x-served-by': 'cache-nrt6120-NRT',
17 silly get     'x-cache': 'MISS',
17 silly get     'x-cache-hits': '0',
17 silly get     'x-timer': 'S1498150300.312662,VS0,VE647',
17 silly get     vary: 'Accept-Encoding' } ]
18 verbose get saving iron-input to /Users/luoyeshu/.npm/registry.npmjs.org/iron-input/.cache.json
19 verbose correctMkdir /Users/luoyeshu/.npm correctMkdir not in flight; initializing
20 verbose stack Error: Unpublished by nwwells on 2016-02-03T17:38:37.110Z
20 verbose stack     at /usr/local/lib/node_modules/npm/lib/view.js:112:14
20 verbose stack     at saved (/usr/local/lib/node_modules/npm/lib/cache/caching-client.js:168:7)
20 verbose stack     at /usr/local/lib/node_modules/npm/node_modules/graceful-fs/polyfills.js:210:7
20 verbose stack     at FSReqWrap.oncomplete (fs.js:82:15)
21 verbose statusCode 404
22 verbose pkgid iron-input
23 verbose cwd /Users/luoyeshu/HBuilderProjects/upskills/learn/polymer-app
24 error Darwin 15.4.0
25 error argv "/usr/local/Cellar/node/5.10.0/bin/node" "/usr/local/bin/npm" "info" "iron-input"
26 error node v5.10.0
27 error npm  v3.8.3
28 error code E404
29 error 404 Unpublished by nwwells on 2016-02-03T17:38:37.110Z
30 error 404
31 error 404 'iron-input' is not in the npm registry.
32 error 404 You should bug the author to publish it (or use the name yourself!)
33 error 404 Note that you can also install from a
34 error 404 tarball, folder, http url, or git url.
35 verbose exit [ 1, true ]
